<?xml version="1.0" encoding="UTF-8"?>
<!-- Generated by org.testng.reporters.JUnitReportReporter -->
<testsuite skipped="0" hostname="IDP-LAP112" name="com.idp.cases.RankingsCase" tests="1" failures="0" timestamp="27 Apr 2021 08:22:24 GMT" time="151.380" errors="0">
  <testcase name="verifyRanking" time="151.380" classname="com.idp.cases.RankingsCase"/>
</testsuite> <!-- com.idp.cases.RankingsCase -->
