<?xml version="1.0" encoding="UTF-8"?>
<!-- Generated by org.testng.reporters.JUnitReportReporter -->
<testsuite skipped="0" hostname="IDP-LAP112" name="com.idp.cases.LoginFormPage" tests="2" failures="0" timestamp="09 Jun 2021 10:24:17 GMT" time="37.331" errors="0">
  <testcase name="newlogin" time="20.198" classname="com.idp.cases.LoginFormPage"/>
  <testcase name="newlogin" time="17.133" classname="com.idp.cases.LoginFormPage"/>
</testsuite> <!-- com.idp.cases.LoginFormPage -->
