<?xml version="1.0" encoding="UTF-8"?>
<!-- Generated by org.testng.reporters.JUnitReportReporter -->
<testsuite skipped="0" hostname="IDP-LAP112" name="com.idp.cases.RankingsCase" tests="1" failures="0" timestamp="09 Jun 2021 10:56:57 GMT" time="154.535" errors="0">
  <testcase name="verifyRanking" time="154.535" classname="com.idp.cases.RankingsCase"/>
</testsuite> <!-- com.idp.cases.RankingsCase -->
