<?xml version="1.0" encoding="UTF-8"?>
<!-- Generated by org.testng.reporters.JUnitReportReporter -->
<testsuite skipped="0" hostname="IDP-LAP112" name="com.idp.cases.VisitWebSiteCase" tests="2" failures="0" timestamp="30 Mar 2021 08:30:36 GMT" time="286.823" errors="0">
  <testcase name="newsearchf" time="145.953" classname="com.idp.cases.VisitWebSiteCase"/>
  <testcase name="newsearchf" time="140.870" classname="com.idp.cases.VisitWebSiteCase"/>
</testsuite> <!-- com.idp.cases.VisitWebSiteCase -->
