<?xml version="1.0" encoding="UTF-8"?>
<!-- Generated by org.testng.reporters.JUnitReportReporter -->
<testsuite skipped="0" hostname="IDP-LAP112" name="com.idp.cases.HomePageCase" tests="1" failures="0" timestamp="27 Apr 2021 07:56:00 GMT" time="110.018" errors="0">
  <testcase name="verifyhomepage" time="110.018" classname="com.idp.cases.HomePageCase"/>
</testsuite> <!-- com.idp.cases.HomePageCase -->
