<?xml version="1.0" encoding="UTF-8"?>
<!-- Generated by org.testng.reporters.JUnitReportReporter -->
<testsuite skipped="0" hostname="IDP-LAP112" name="com.idp.cases.ReviewDisplayCase" tests="2" failures="0" timestamp="26 Apr 2021 12:13:29 GMT" time="34.226" errors="0">
  <testcase name="newreviewdisplay" time="17.391" classname="com.idp.cases.ReviewDisplayCase"/>
  <testcase name="newreviewdisplay" time="16.835" classname="com.idp.cases.ReviewDisplayCase"/>
</testsuite> <!-- com.idp.cases.ReviewDisplayCase -->
