<?xml version="1.0" encoding="UTF-8"?>
<!-- Generated by org.testng.reporters.JUnitReportReporter -->
<testsuite skipped="0" hostname="IDP-LAP112" name="com.idp.cases.NewRegistration" tests="2" failures="0" timestamp="09 Jun 2021 09:24:50 GMT" time="97.568" errors="0">
  <testcase name="newregister" time="42.079" classname="com.idp.cases.NewRegistration"/>
  <testcase name="newregister" time="55.489" classname="com.idp.cases.NewRegistration"/>
</testsuite> <!-- com.idp.cases.NewRegistration -->
