<?xml version="1.0" encoding="UTF-8"?>
<!-- Generated by org.testng.reporters.JUnitReportReporter -->
<testsuite skipped="0" hostname="IDP-LAP112" name="com.idp.cases.DPFormPage" tests="2" failures="0" timestamp="29 Mar 2021 10:29:08 GMT" time="340.672" errors="0">
  <testcase name="verifyDp" time="185.990" classname="com.idp.cases.DPFormPage"/>
  <testcase name="verifyDp" time="154.682" classname="com.idp.cases.DPFormPage"/>
</testsuite> <!-- com.idp.cases.DPFormPage -->
