<?xml version="1.0" encoding="UTF-8"?>
<!-- Generated by org.testng.reporters.JUnitReportReporter -->
<testsuite skipped="0" hostname="IDP-LAP112" name="com.idp.cases.CallBackFormCase" tests="1" failures="0" timestamp="29 Mar 2021 11:20:07 GMT" time="50.748" errors="0">
  <testcase name="verifyCBF" time="50.748" classname="com.idp.cases.CallBackFormCase"/>
</testsuite> <!-- com.idp.cases.CallBackFormCase -->
