<?xml version="1.0" encoding="UTF-8"?>
<!-- Generated by org.testng.reporters.JUnitReportReporter -->
<testsuite skipped="0" hostname="IDP-LAP112" name="com.idp.cases.HomePageCase" tests="1" failures="0" timestamp="30 Mar 2021 08:00:52 GMT" time="118.434" errors="0">
  <testcase name="verifyhomepage" time="118.434" classname="com.idp.cases.HomePageCase"/>
</testsuite> <!-- com.idp.cases.HomePageCase -->
