<?xml version="1.0" encoding="UTF-8"?>
<!-- Generated by org.testng.reporters.JUnitReportReporter -->
<testsuite skipped="0" hostname="IDP-LAP112" name="com.idp.cases.MyICCase" tests="1" failures="0" timestamp="29 Mar 2021 12:02:37 GMT" time="62.051" errors="0">
  <testcase name="newreviewapproval" time="62.051" classname="com.idp.cases.MyICCase"/>
</testsuite> <!-- com.idp.cases.MyICCase -->
