<?xml version="1.0" encoding="UTF-8"?>
<!-- Generated by org.testng.reporters.JUnitReportReporter -->
<testsuite skipped="0" hostname="IDP-LAP112" name="com.idp.cases.SearchCase" tests="2" failures="0" timestamp="27 Apr 2021 08:02:24 GMT" time="268.107" errors="0">
  <testcase name="newsearchf" time="134.930" classname="com.idp.cases.SearchCase"/>
  <testcase name="newsearchf" time="133.177" classname="com.idp.cases.SearchCase"/>
</testsuite> <!-- com.idp.cases.SearchCase -->
