<?xml version="1.0" encoding="UTF-8"?>
<!-- Generated by org.testng.reporters.JUnitReportReporter -->
<testsuite skipped="0" hostname="IDP-LAP112" name="com.idp.cases.DPFormPage" tests="2" failures="0" timestamp="09 Jun 2021 09:57:25 GMT" time="361.693" errors="0">
  <testcase name="verifyDp" time="167.677" classname="com.idp.cases.DPFormPage"/>
  <testcase name="verifyDp" time="194.016" classname="com.idp.cases.DPFormPage"/>
</testsuite> <!-- com.idp.cases.DPFormPage -->
