<?xml version="1.0" encoding="UTF-8"?>
<!-- Generated by org.testng.reporters.JUnitReportReporter -->
<testsuite skipped="0" hostname="IDP-LAP112" name="com.idp.cases.LoginFormPage" tests="2" failures="0" timestamp="27 Apr 2021 07:51:34 GMT" time="46.435" errors="0">
  <testcase name="newlogin" time="23.660" classname="com.idp.cases.LoginFormPage"/>
  <testcase name="newlogin" time="22.775" classname="com.idp.cases.LoginFormPage"/>
</testsuite> <!-- com.idp.cases.LoginFormPage -->
