<?xml version="1.0" encoding="UTF-8"?>
<!-- Generated by org.testng.reporters.JUnitReportReporter -->
<testsuite skipped="0" hostname="IDP-LAP112" name="com.idp.cases.VisitWebSiteCase" tests="2" failures="0" timestamp="26 Apr 2021 12:35:48 GMT" time="216.706" errors="0">
  <testcase name="newsearchf" time="89.427" classname="com.idp.cases.VisitWebSiteCase"/>
  <testcase name="newsearchf" time="127.279" classname="com.idp.cases.VisitWebSiteCase"/>
</testsuite> <!-- com.idp.cases.VisitWebSiteCase -->
