<?xml version="1.0" encoding="UTF-8"?>
<!-- Generated by org.testng.reporters.JUnitReportReporter -->
<testsuite skipped="0" hostname="IDP-LAP112" name="com.idp.cases.HomePageCase" tests="1" failures="0" timestamp="09 Jun 2021 10:31:33 GMT" time="92.253" errors="0">
  <testcase name="verifyhomepage" time="92.253" classname="com.idp.cases.HomePageCase"/>
</testsuite> <!-- com.idp.cases.HomePageCase -->
