<?xml version="1.0" encoding="UTF-8"?>
<!-- Generated by org.testng.reporters.JUnitReportReporter -->
<testsuite skipped="0" hostname="IDP-LAP112" name="com.idp.cases.DPFormPage" tests="1" failures="0" timestamp="26 Apr 2021 11:39:41 GMT" time="163.019" errors="0">
  <testcase name="verifyDp" time="163.019" classname="com.idp.cases.DPFormPage"/>
</testsuite> <!-- com.idp.cases.DPFormPage -->
