<?xml version="1.0" encoding="UTF-8"?>
<!-- Generated by org.testng.reporters.JUnitReportReporter -->
<testsuite skipped="0" hostname="IDP-LAP112" name="com.idp.cases.MyICCase" tests="2" failures="0" timestamp="26 Apr 2021 12:09:48 GMT" time="167.809" errors="0">
  <testcase name="newreviewapproval" time="81.984" classname="com.idp.cases.MyICCase"/>
  <testcase name="newreviewapproval" time="85.825" classname="com.idp.cases.MyICCase"/>
</testsuite> <!-- com.idp.cases.MyICCase -->
