<?xml version="1.0" encoding="UTF-8"?>
<!-- Generated by org.testng.reporters.JUnitReportReporter -->
<testsuite skipped="0" hostname="IDP-LAP112" name="com.idp.cases.LoginFormPage" tests="2" failures="0" timestamp="30 Mar 2021 07:56:57 GMT" time="40.018" errors="0">
  <testcase name="newlogin" time="17.862" classname="com.idp.cases.LoginFormPage"/>
  <testcase name="newlogin" time="22.156" classname="com.idp.cases.LoginFormPage"/>
</testsuite> <!-- com.idp.cases.LoginFormPage -->
