<?xml version="1.0" encoding="UTF-8"?>
<!-- Generated by org.testng.reporters.JUnitReportReporter -->
<testsuite skipped="0" hostname="IDP-LAP112" name="com.idp.cases.CMToolCase" tests="2" failures="0" timestamp="30 Mar 2021 08:38:01 GMT" time="320.968" errors="0">
  <testcase name="newCMTool" time="164.149" classname="com.idp.cases.CMToolCase"/>
  <testcase name="newCMTool" time="156.819" classname="com.idp.cases.CMToolCase"/>
</testsuite> <!-- com.idp.cases.CMToolCase -->
