<?xml version="1.0" encoding="UTF-8"?>
<!-- Generated by org.testng.reporters.JUnitReportReporter -->
<testsuite skipped="0" hostname="IDP-LAP112" name="com.idp.cases.VisitWebSiteCase" tests="2" failures="0" timestamp="09 Jun 2021 11:03:26 GMT" time="214.837" errors="0">
  <testcase name="newsearchf" time="89.518" classname="com.idp.cases.VisitWebSiteCase"/>
  <testcase name="newsearchf" time="125.319" classname="com.idp.cases.VisitWebSiteCase"/>
</testsuite> <!-- com.idp.cases.VisitWebSiteCase -->
