<?xml version="1.0" encoding="UTF-8"?>
<!-- Generated by org.testng.reporters.JUnitReportReporter -->
<testsuite skipped="0" hostname="IDP-LAP112" name="com.idp.cases.RankingsCase" tests="1" failures="0" timestamp="30 Mar 2021 08:24:13 GMT" time="156.800" errors="0">
  <testcase name="verifyRanking" time="156.800" classname="com.idp.cases.RankingsCase"/>
</testsuite> <!-- com.idp.cases.RankingsCase -->
