<?xml version="1.0" encoding="UTF-8"?>
<!-- Generated by org.testng.reporters.JUnitReportReporter -->
<testsuite skipped="0" hostname="IDP-LAP112" name="com.idp.cases.FbloginPage" tests="1" failures="0" timestamp="30 Mar 2021 08:12:20 GMT" time="93.226" errors="0">
  <testcase name="verifyfblogin" time="93.226" classname="com.idp.cases.FbloginPage"/>
</testsuite> <!-- com.idp.cases.FbloginPage -->
