<?xml version="1.0" encoding="UTF-8"?>
<!-- Generated by org.testng.reporters.JUnitReportReporter -->
<testsuite skipped="0" hostname="IDP-LAP112" name="com.idp.cases.ChangePasswordCase" tests="1" failures="0" timestamp="26 Apr 2021 10:59:29 GMT" time="31.164" errors="0">
  <testcase name="newchangepassword" time="31.164" classname="com.idp.cases.ChangePasswordCase"/>
</testsuite> <!-- com.idp.cases.ChangePasswordCase -->
