<?xml version="1.0" encoding="UTF-8"?>
<!-- Generated by org.testng.reporters.JUnitReportReporter -->
<testsuite skipped="0" hostname="IDP-LAP112" name="com.idp.cases.SearchCase" tests="2" failures="0" timestamp="30 Mar 2021 08:07:13 GMT" time="248.455" errors="0">
  <testcase name="newsearchf" time="125.971" classname="com.idp.cases.SearchCase"/>
  <testcase name="newsearchf" time="122.484" classname="com.idp.cases.SearchCase"/>
</testsuite> <!-- com.idp.cases.SearchCase -->
