<?xml version="1.0" encoding="UTF-8"?>
<!-- Generated by org.testng.reporters.JUnitReportReporter -->
<testsuite skipped="0" hostname="IDP-LAP112" name="com.idp.cases.CPCEnquiryCase" tests="1" failures="0" timestamp="07 Jan 2020 09:23:20 GMT" time="18.123" errors="0">
  <testcase name="verifyCPCEnquiry" time="18.123" classname="com.idp.cases.CPCEnquiryCase"/>
</testsuite> <!-- com.idp.cases.CPCEnquiryCase -->
