<?xml version="1.0" encoding="UTF-8"?>
<!-- Generated by org.testng.reporters.JUnitReportReporter -->
<testsuite skipped="0" hostname="IDP-LAP112" name="com.idp.cases.MyICCase" tests="2" failures="0" timestamp="09 Jun 2021 10:20:49 GMT" time="160.965" errors="0">
  <testcase name="newreviewapproval" time="77.110" classname="com.idp.cases.MyICCase"/>
  <testcase name="newreviewapproval" time="83.855" classname="com.idp.cases.MyICCase"/>
</testsuite> <!-- com.idp.cases.MyICCase -->
