<?xml version="1.0" encoding="UTF-8"?>
<!-- Generated by org.testng.reporters.JUnitReportReporter -->
<testsuite skipped="0" hostname="IDP-LAP112" name="com.idp.cases.CallBackFormCase" tests="1" failures="0" timestamp="26 Apr 2021 11:42:47 GMT" time="44.380" errors="0">
  <testcase name="verifyCBF" time="44.380" classname="com.idp.cases.CallBackFormCase"/>
</testsuite> <!-- com.idp.cases.CallBackFormCase -->
