<?xml version="1.0" encoding="UTF-8"?>
<!-- Generated by org.testng.reporters.JUnitReportReporter -->
<testsuite skipped="0" hostname="IDP-LAP112" name="com.idp.cases.ChangePasswordCase" tests="2" failures="0" timestamp="09 Jun 2021 11:05:59 GMT" time="86.293" errors="0">
  <testcase name="newchangepassword" time="46.128" classname="com.idp.cases.ChangePasswordCase"/>
  <testcase name="newchangepassword" time="40.165" classname="com.idp.cases.ChangePasswordCase"/>
</testsuite> <!-- com.idp.cases.ChangePasswordCase -->
