<?xml version="1.0" encoding="UTF-8"?>
<!-- Generated by org.testng.reporters.JUnitReportReporter -->
<testsuite skipped="0" hostname="IDP-LAP112" name="com.idp.cases.ReviewDisplayCase" tests="7" failures="0" timestamp="29 Mar 2021 12:07:34 GMT" time="109.301" errors="0">
  <testcase name="newreviewdisplay" time="13.848" classname="com.idp.cases.ReviewDisplayCase"/>
  <testcase name="newreviewdisplay" time="13.906" classname="com.idp.cases.ReviewDisplayCase"/>
  <testcase name="newreviewdisplay" time="13.834" classname="com.idp.cases.ReviewDisplayCase"/>
  <testcase name="newreviewdisplay" time="13.258" classname="com.idp.cases.ReviewDisplayCase"/>
  <testcase name="newreviewdisplay" time="23.550" classname="com.idp.cases.ReviewDisplayCase"/>
  <testcase name="newreviewdisplay" time="15.687" classname="com.idp.cases.ReviewDisplayCase"/>
  <testcase name="newreviewdisplay" time="15.218" classname="com.idp.cases.ReviewDisplayCase"/>
</testsuite> <!-- com.idp.cases.ReviewDisplayCase -->
