<?xml version="1.0" encoding="UTF-8"?>
<!-- Generated by org.testng.reporters.JUnitReportReporter -->
<testsuite skipped="0" hostname="IDP-LAP112" name="com.idp.cases.CMToolCase" tests="2" failures="0" timestamp="27 Apr 2021 08:10:16 GMT" time="299.212" errors="0">
  <testcase name="newCMTool" time="151.815" classname="com.idp.cases.CMToolCase"/>
  <testcase name="newCMTool" time="147.397" classname="com.idp.cases.CMToolCase"/>
</testsuite> <!-- com.idp.cases.CMToolCase -->
