<?xml version="1.0" encoding="UTF-8"?>
<!-- Generated by org.testng.reporters.JUnitReportReporter -->
<testsuite skipped="0" hostname="IDP-LAP112" name="com.idp.cases.SearchCase" tests="2" failures="0" timestamp="09 Jun 2021 10:29:14 GMT" time="225.054" errors="0">
  <testcase name="newsearchf" time="107.328" classname="com.idp.cases.SearchCase"/>
  <testcase name="newsearchf" time="117.726" classname="com.idp.cases.SearchCase"/>
</testsuite> <!-- com.idp.cases.SearchCase -->
