<?xml version="1.0" encoding="UTF-8"?>
<!-- Generated by org.testng.reporters.JUnitReportReporter -->
<testsuite skipped="0" hostname="IDP-LAP112" name="com.idp.cases.FbloginPage" tests="1" failures="0" timestamp="09 Jun 2021 10:50:41 GMT" time="73.977" errors="0">
  <testcase name="verifyfblogin" time="73.977" classname="com.idp.cases.FbloginPage"/>
</testsuite> <!-- com.idp.cases.FbloginPage -->
