<?xml version="1.0" encoding="UTF-8"?>
<!-- Generated by org.testng.reporters.JUnitReportReporter -->
<testsuite skipped="0" hostname="IDP-LAP112" name="com.idp.cases.CallBackFormCase" tests="1" failures="0" timestamp="09 Jun 2021 10:08:56 GMT" time="38.819" errors="0">
  <testcase name="verifyCBF" time="38.819" classname="com.idp.cases.CallBackFormCase"/>
</testsuite> <!-- com.idp.cases.CallBackFormCase -->
