<?xml version="1.0" encoding="UTF-8"?>
<!-- Generated by org.testng.reporters.JUnitReportReporter -->
<testsuite skipped="0" hostname="IDP-LAP112" name="com.idp.cases.ReviewDisplayCase" tests="2" failures="0" timestamp="09 Jun 2021 10:22:05 GMT" time="28.719" errors="0">
  <testcase name="newreviewdisplay" time="16.171" classname="com.idp.cases.ReviewDisplayCase"/>
  <testcase name="newreviewdisplay" time="12.548" classname="com.idp.cases.ReviewDisplayCase"/>
</testsuite> <!-- com.idp.cases.ReviewDisplayCase -->
