<?xml version="1.0" encoding="UTF-8"?>
<!-- Generated by org.testng.reporters.JUnitReportReporter -->
<testsuite skipped="0" hostname="IDP-LAP112" name="com.idp.cases.ReviewCase" tests="1" failures="0" timestamp="09 Jun 2021 10:16:49 GMT" time="110.057" errors="0">
  <testcase name="newreview" time="110.057" classname="com.idp.cases.ReviewCase"/>
</testsuite> <!-- com.idp.cases.ReviewCase -->
