<?xml version="1.0" encoding="UTF-8"?>
<!-- Generated by org.testng.reporters.JUnitReportReporter -->
<testsuite skipped="0" hostname="IDP-LAP112" name="com.idp.cases.NewRegistration" tests="2" failures="0" timestamp="27 Apr 2021 07:49:05 GMT" time="88.741" errors="0">
  <testcase name="newregister" time="41.209" classname="com.idp.cases.NewRegistration"/>
  <testcase name="newregister" time="47.532" classname="com.idp.cases.NewRegistration"/>
</testsuite> <!-- com.idp.cases.NewRegistration -->
