<?xml version="1.0" encoding="UTF-8"?>
<!-- Generated by org.testng.reporters.JUnitReportReporter -->
<testsuite skipped="0" hostname="IDP-LAP112" name="com.idp.cases.EFLEnquiryCase" tests="2" failures="0" timestamp="29 Mar 2021 10:10:04 GMT" time="57.530" errors="0">
  <testcase name="neweflenquiry" time="29.066" classname="com.idp.cases.EFLEnquiryCase"/>
  <testcase name="neweflenquiry" time="28.464" classname="com.idp.cases.EFLEnquiryCase"/>
</testsuite> <!-- com.idp.cases.EFLEnquiryCase -->
